Operating system: Microsoft Windows NT 6.2.9200.0
Opening INI file "C:\Users\05gmc\Documents\Sonic 1 Hivebrain Disasm\Sonic 1 2005 INIs\objGHZ.ini"...
Game type is S2.
Opening INI file "C:\Users\05gmc\Documents\Sonic 1 Hivebrain Disasm\Sonic 1 2005 INIs\objGHZ.ini"...
Game type is S2.
Loading 11...
System.AggregateException: One or more errors occurred. ---> System.FormatException: Level must contain at least one Tiles file!
   at SonicRetro.SonLVL.API.LevelData.LoadLevelTiles() in C:\Programs\SonLVL\SonLVLAPI\LevelData.cs:line 448
   at System.Threading.Tasks.Task.InnerInvoke()
   at System.Threading.Tasks.Task.Execute()
   --- End of inner exception stack trace ---
   at System.Threading.Tasks.Task.WaitAll(Task[] tasks, Int32 millisecondsTimeout, CancellationToken cancellationToken)
   at System.Threading.Tasks.Task.WaitAll(Task[] tasks, Int32 millisecondsTimeout)
   at System.Threading.Tasks.Parallel.Invoke(ParallelOptions parallelOptions, Action[] actions)
   at System.Threading.Tasks.Parallel.Invoke(Action[] actions)
   at SonicRetro.SonLVL.API.LevelData.LoadLevel(String levelname, Boolean loadGraphics) in C:\Programs\SonLVL\SonLVLAPI\LevelData.cs:line 166
   at SonicRetro.SonLVL.GUI.MainForm.backgroundLevelLoader_DoWork(Object sender, DoWorkEventArgs e) in C:\Programs\SonLVL\SonLVL\MainForm.cs:line 567
---> (Inner Exception #0) System.FormatException: Level must contain at least one Tiles file!
   at SonicRetro.SonLVL.API.LevelData.LoadLevelTiles() in C:\Programs\SonLVL\SonLVLAPI\LevelData.cs:line 448
   at System.Threading.Tasks.Task.InnerInvoke()
   at System.Threading.Tasks.Task.Execute()<---

---> (Inner Exception #1) System.FormatException: Level must contain at least one Blocks file!
   at SonicRetro.SonLVL.API.LevelData.LoadLevelBlocks() in C:\Programs\SonLVL\SonLVLAPI\LevelData.cs:line 507
   at System.Threading.Tasks.Task.InnerInvoke()
   at System.Threading.Tasks.Task.Execute()<---

---> (Inner Exception #2) System.FormatException: Level must contain at least one Chunks file!
   at SonicRetro.SonLVL.API.LevelData.LoadLevelChunks() in C:\Programs\SonLVL\SonLVLAPI\LevelData.cs:line 539
   at System.Threading.Tasks.Task.InnerInvoke()
   at System.Threading.Tasks.Task.Execute()<---

---> (Inner Exception #3) System.FormatException: Level must contain a Layout file!
   at SonicRetro.SonLVL.API.LevelData.LoadLevelLayout(String levelname) in C:\Programs\SonLVL\SonLVLAPI\LevelData.cs:line 612
   at SonicRetro.SonLVL.API.LevelData.<>c__DisplayClass70_0.<LoadLevel>b__0() in C:\Programs\SonLVL\SonLVLAPI\LevelData.cs:line 166
   at System.Threading.Tasks.Task.InnerInvoke()
   at System.Threading.Tasks.Task.Execute()<---

---> (Inner Exception #4) System.FormatException: Level must contain at least one Palette file!
   at SonicRetro.SonLVL.API.LevelData.LoadLevelPalette() in C:\Programs\SonLVL\SonLVLAPI\LevelData.cs:line 664
   at System.Threading.Tasks.Task.InnerInvoke()
   at System.Threading.Tasks.Task.Execute()<---

Loading 11...
System.AggregateException: One or more errors occurred. ---> System.FormatException: Level must contain at least one Tiles file!
   at SonicRetro.SonLVL.API.LevelData.LoadLevelTiles() in C:\Programs\SonLVL\SonLVLAPI\LevelData.cs:line 448
   at System.Threading.Tasks.Task.InnerInvoke()
   at System.Threading.Tasks.Task.Execute()
   --- End of inner exception stack trace ---
   at System.Threading.Tasks.Task.WaitAll(Task[] tasks, Int32 millisecondsTimeout, CancellationToken cancellationToken)
   at System.Threading.Tasks.Task.WaitAll(Task[] tasks, Int32 millisecondsTimeout)
   at System.Threading.Tasks.Parallel.Invoke(ParallelOptions parallelOptions, Action[] actions)
   at System.Threading.Tasks.Parallel.Invoke(Action[] actions)
   at SonicRetro.SonLVL.API.LevelData.LoadLevel(String levelname, Boolean loadGraphics) in C:\Programs\SonLVL\SonLVLAPI\LevelData.cs:line 166
   at SonicRetro.SonLVL.GUI.MainForm.backgroundLevelLoader_DoWork(Object sender, DoWorkEventArgs e) in C:\Programs\SonLVL\SonLVL\MainForm.cs:line 567
---> (Inner Exception #0) System.FormatException: Level must contain at least one Tiles file!
   at SonicRetro.SonLVL.API.LevelData.LoadLevelTiles() in C:\Programs\SonLVL\SonLVLAPI\LevelData.cs:line 448
   at System.Threading.Tasks.Task.InnerInvoke()
   at System.Threading.Tasks.Task.Execute()<---

---> (Inner Exception #1) System.FormatException: Level must contain at least one Blocks file!
   at SonicRetro.SonLVL.API.LevelData.LoadLevelBlocks() in C:\Programs\SonLVL\SonLVLAPI\LevelData.cs:line 507
   at System.Threading.Tasks.Task.InnerInvoke()
   at System.Threading.Tasks.Task.Execute()<---

---> (Inner Exception #2) System.FormatException: Level must contain at least one Chunks file!
   at SonicRetro.SonLVL.API.LevelData.LoadLevelChunks() in C:\Programs\SonLVL\SonLVLAPI\LevelData.cs:line 539
   at System.Threading.Tasks.Task.InnerInvoke()
   at System.Threading.Tasks.Task.Execute()<---

---> (Inner Exception #3) System.FormatException: Level must contain a Layout file!
   at SonicRetro.SonLVL.API.LevelData.LoadLevelLayout(String levelname) in C:\Programs\SonLVL\SonLVLAPI\LevelData.cs:line 612
   at SonicRetro.SonLVL.API.LevelData.<>c__DisplayClass70_0.<LoadLevel>b__0() in C:\Programs\SonLVL\SonLVLAPI\LevelData.cs:line 166
   at System.Threading.Tasks.Task.InnerInvoke()
   at System.Threading.Tasks.Task.Execute()<---

---> (Inner Exception #4) System.FormatException: Level must contain at least one Palette file!
   at SonicRetro.SonLVL.API.LevelData.LoadLevelPalette() in C:\Programs\SonLVL\SonLVLAPI\LevelData.cs:line 664
   at System.Threading.Tasks.Task.InnerInvoke()
   at System.Threading.Tasks.Task.Execute()<---

